2024-12-19 22:03:48,558 - Failed to fetch posts for keyword 'pedicure tools' in subreddit 'Nails'. Details: received 401 HTTP response
2024-12-19 22:03:48,645 - Failed to fetch posts for keyword 'manicure tools' in subreddit 'Nails'. Details: received 401 HTTP response
2024-12-19 22:03:48,723 - Failed to fetch posts for keyword 'callus remover' in subreddit 'Nails'. Details: received 401 HTTP response
2024-12-19 22:03:48,788 - Failed to fetch posts for keyword 'nail clippers' in subreddit 'Nails'. Details: received 401 HTTP response
2024-12-19 22:03:48,889 - Failed to fetch posts for keyword 'nail nippers' in subreddit 'Nails'. Details: received 401 HTTP response
2024-12-19 22:03:48,968 - Failed to fetch posts for keyword 'nail cutters' in subreddit 'Nails'. Details: received 401 HTTP response
2024-12-19 22:03:49,043 - Failed to fetch posts for keyword 'professional nail tools' in subreddit 'Nails'. Details: received 401 HTTP response
2024-12-19 22:03:49,126 - Failed to fetch posts for keyword 'salon supplies' in subreddit 'Nails'. Details: received 401 HTTP response
2024-12-19 22:03:49,215 - Failed to fetch posts for keyword 'nail buffer' in subreddit 'Nails'. Details: received 401 HTTP response
2024-12-19 22:03:49,305 - Failed to fetch posts for keyword 'nail file' in subreddit 'Nails'. Details: received 401 HTTP response
2024-12-19 22:03:49,394 - Failed to fetch posts for keyword 'stainless steel nail clippers' in subreddit 'Nails'. Details: received 401 HTTP response
2024-12-19 22:03:49,488 - Failed to fetch posts for keyword 'precision nail cutter' in subreddit 'Nails'. Details: received 401 HTTP response
2024-12-19 22:03:49,566 - Failed to fetch posts for keyword 'electric nail file' in subreddit 'Nails'. Details: received 401 HTTP response
2024-12-19 22:03:49,651 - Failed to fetch posts for keyword 'durable nail nippers' in subreddit 'Nails'. Details: received 401 HTTP response
2024-12-19 22:03:49,732 - Failed to fetch posts for keyword 'cuticle pusher' in subreddit 'Nails'. Details: received 401 HTTP response
2024-12-19 22:03:49,806 - Failed to fetch posts for keyword 'glass nail file' in subreddit 'Nails'. Details: received 401 HTTP response
2024-12-19 22:03:49,883 - Failed to fetch posts for keyword 'nail salon tools' in subreddit 'Nails'. Details: received 401 HTTP response
2024-12-19 22:03:49,957 - Failed to fetch posts for keyword 'ergonomic nail clippers' in subreddit 'Nails'. Details: received 401 HTTP response
2024-12-19 22:03:50,033 - Failed to fetch posts for keyword 'salon equipment' in subreddit 'Nails'. Details: received 401 HTTP response
2024-12-19 22:03:50,107 - Failed to fetch posts for keyword 'nail salon hygiene' in subreddit 'Nails'. Details: received 401 HTTP response
2024-12-19 22:03:50,188 - Failed to fetch posts for keyword 'pedicure tools' in subreddit 'Manicure'. Details: received 401 HTTP response
2024-12-19 22:03:50,263 - Failed to fetch posts for keyword 'manicure tools' in subreddit 'Manicure'. Details: received 401 HTTP response
2024-12-19 22:03:50,406 - Failed to fetch posts for keyword 'callus remover' in subreddit 'Manicure'. Details: received 401 HTTP response
2024-12-19 22:03:50,478 - Failed to fetch posts for keyword 'nail clippers' in subreddit 'Manicure'. Details: received 401 HTTP response
2024-12-19 22:03:50,554 - Failed to fetch posts for keyword 'nail nippers' in subreddit 'Manicure'. Details: received 401 HTTP response
2024-12-19 22:03:50,631 - Failed to fetch posts for keyword 'nail cutters' in subreddit 'Manicure'. Details: received 401 HTTP response
2024-12-19 22:03:50,708 - Failed to fetch posts for keyword 'professional nail tools' in subreddit 'Manicure'. Details: received 401 HTTP response
2024-12-19 22:03:50,783 - Failed to fetch posts for keyword 'salon supplies' in subreddit 'Manicure'. Details: received 401 HTTP response
2024-12-19 22:03:50,852 - Failed to fetch posts for keyword 'nail buffer' in subreddit 'Manicure'. Details: received 401 HTTP response
2024-12-19 22:03:50,918 - Failed to fetch posts for keyword 'nail file' in subreddit 'Manicure'. Details: received 401 HTTP response
2024-12-19 22:03:50,997 - Failed to fetch posts for keyword 'stainless steel nail clippers' in subreddit 'Manicure'. Details: received 401 HTTP response
2024-12-19 22:03:51,077 - Failed to fetch posts for keyword 'precision nail cutter' in subreddit 'Manicure'. Details: received 401 HTTP response
2024-12-19 22:03:51,158 - Failed to fetch posts for keyword 'electric nail file' in subreddit 'Manicure'. Details: received 401 HTTP response
2024-12-19 22:03:51,276 - Failed to fetch posts for keyword 'durable nail nippers' in subreddit 'Manicure'. Details: received 401 HTTP response
2024-12-19 22:03:51,347 - Failed to fetch posts for keyword 'cuticle pusher' in subreddit 'Manicure'. Details: received 401 HTTP response
2024-12-19 22:03:51,414 - Failed to fetch posts for keyword 'glass nail file' in subreddit 'Manicure'. Details: received 401 HTTP response
2024-12-19 22:03:51,500 - Failed to fetch posts for keyword 'nail salon tools' in subreddit 'Manicure'. Details: received 401 HTTP response
2024-12-19 22:03:51,574 - Failed to fetch posts for keyword 'ergonomic nail clippers' in subreddit 'Manicure'. Details: received 401 HTTP response
2024-12-19 22:03:51,654 - Failed to fetch posts for keyword 'salon equipment' in subreddit 'Manicure'. Details: received 401 HTTP response
2024-12-19 22:03:51,746 - Failed to fetch posts for keyword 'nail salon hygiene' in subreddit 'Manicure'. Details: received 401 HTTP response
2024-12-19 22:03:51,818 - Failed to fetch posts for keyword 'pedicure tools' in subreddit 'NailArt'. Details: received 401 HTTP response
2024-12-19 22:03:51,896 - Failed to fetch posts for keyword 'manicure tools' in subreddit 'NailArt'. Details: received 401 HTTP response
2024-12-19 22:03:51,963 - Failed to fetch posts for keyword 'callus remover' in subreddit 'NailArt'. Details: received 401 HTTP response
2024-12-19 22:03:52,028 - Failed to fetch posts for keyword 'nail clippers' in subreddit 'NailArt'. Details: received 401 HTTP response
2024-12-19 22:03:52,105 - Failed to fetch posts for keyword 'nail nippers' in subreddit 'NailArt'. Details: received 401 HTTP response
2024-12-19 22:03:52,177 - Failed to fetch posts for keyword 'nail cutters' in subreddit 'NailArt'. Details: received 401 HTTP response
2024-12-19 22:03:52,253 - Failed to fetch posts for keyword 'professional nail tools' in subreddit 'NailArt'. Details: received 401 HTTP response
2024-12-19 22:03:52,330 - Failed to fetch posts for keyword 'salon supplies' in subreddit 'NailArt'. Details: received 401 HTTP response
2024-12-19 22:03:52,407 - Failed to fetch posts for keyword 'nail buffer' in subreddit 'NailArt'. Details: received 401 HTTP response
2024-12-19 22:03:52,547 - Failed to fetch posts for keyword 'nail file' in subreddit 'NailArt'. Details: received 401 HTTP response
2024-12-19 22:03:52,637 - Failed to fetch posts for keyword 'stainless steel nail clippers' in subreddit 'NailArt'. Details: received 401 HTTP response
2024-12-19 22:03:52,754 - Failed to fetch posts for keyword 'precision nail cutter' in subreddit 'NailArt'. Details: received 401 HTTP response
2024-12-19 22:03:52,836 - Failed to fetch posts for keyword 'electric nail file' in subreddit 'NailArt'. Details: received 401 HTTP response
2024-12-19 22:03:52,904 - Failed to fetch posts for keyword 'durable nail nippers' in subreddit 'NailArt'. Details: received 401 HTTP response
2024-12-19 22:03:52,969 - Failed to fetch posts for keyword 'cuticle pusher' in subreddit 'NailArt'. Details: received 401 HTTP response
2024-12-19 22:03:53,032 - Failed to fetch posts for keyword 'glass nail file' in subreddit 'NailArt'. Details: received 401 HTTP response
2024-12-19 22:03:53,126 - Failed to fetch posts for keyword 'nail salon tools' in subreddit 'NailArt'. Details: received 401 HTTP response
2024-12-19 22:03:53,209 - Failed to fetch posts for keyword 'ergonomic nail clippers' in subreddit 'NailArt'. Details: received 401 HTTP response
2024-12-19 22:03:53,285 - Failed to fetch posts for keyword 'salon equipment' in subreddit 'NailArt'. Details: received 401 HTTP response
2024-12-19 22:03:53,357 - Failed to fetch posts for keyword 'nail salon hygiene' in subreddit 'NailArt'. Details: received 401 HTTP response
2024-12-19 22:03:53,437 - Failed to fetch posts for keyword 'pedicure tools' in subreddit 'Pedicure'. Details: received 401 HTTP response
2024-12-19 22:03:53,518 - Failed to fetch posts for keyword 'manicure tools' in subreddit 'Pedicure'. Details: received 401 HTTP response
2024-12-19 22:03:53,593 - Failed to fetch posts for keyword 'callus remover' in subreddit 'Pedicure'. Details: received 401 HTTP response
2024-12-19 22:03:53,675 - Failed to fetch posts for keyword 'nail clippers' in subreddit 'Pedicure'. Details: received 401 HTTP response
2024-12-19 22:03:53,752 - Failed to fetch posts for keyword 'nail nippers' in subreddit 'Pedicure'. Details: received 401 HTTP response
2024-12-19 22:03:53,832 - Failed to fetch posts for keyword 'nail cutters' in subreddit 'Pedicure'. Details: received 401 HTTP response
2024-12-19 22:03:53,911 - Failed to fetch posts for keyword 'professional nail tools' in subreddit 'Pedicure'. Details: received 401 HTTP response
2024-12-19 22:03:53,983 - Failed to fetch posts for keyword 'salon supplies' in subreddit 'Pedicure'. Details: received 401 HTTP response
2024-12-19 22:03:54,060 - Failed to fetch posts for keyword 'nail buffer' in subreddit 'Pedicure'. Details: received 401 HTTP response
2024-12-19 22:03:54,139 - Failed to fetch posts for keyword 'nail file' in subreddit 'Pedicure'. Details: received 401 HTTP response
2024-12-19 22:03:54,211 - Failed to fetch posts for keyword 'stainless steel nail clippers' in subreddit 'Pedicure'. Details: received 401 HTTP response
2024-12-19 22:03:54,291 - Failed to fetch posts for keyword 'precision nail cutter' in subreddit 'Pedicure'. Details: received 401 HTTP response
2024-12-19 22:03:54,369 - Failed to fetch posts for keyword 'electric nail file' in subreddit 'Pedicure'. Details: received 401 HTTP response
2024-12-19 22:03:54,452 - Failed to fetch posts for keyword 'durable nail nippers' in subreddit 'Pedicure'. Details: received 401 HTTP response
2024-12-19 22:03:54,533 - Failed to fetch posts for keyword 'cuticle pusher' in subreddit 'Pedicure'. Details: received 401 HTTP response
2024-12-19 22:03:54,613 - Failed to fetch posts for keyword 'glass nail file' in subreddit 'Pedicure'. Details: received 401 HTTP response
2024-12-19 22:03:54,690 - Failed to fetch posts for keyword 'nail salon tools' in subreddit 'Pedicure'. Details: received 401 HTTP response
2024-12-19 22:03:54,785 - Failed to fetch posts for keyword 'ergonomic nail clippers' in subreddit 'Pedicure'. Details: received 401 HTTP response
2024-12-19 22:03:54,870 - Failed to fetch posts for keyword 'salon equipment' in subreddit 'Pedicure'. Details: received 401 HTTP response
2024-12-19 22:03:54,946 - Failed to fetch posts for keyword 'nail salon hygiene' in subreddit 'Pedicure'. Details: received 401 HTTP response
2024-12-19 22:03:55,029 - Failed to fetch posts for keyword 'pedicure tools' in subreddit 'BeautyProfessionals'. Details: received 401 HTTP response
2024-12-19 22:03:55,111 - Failed to fetch posts for keyword 'manicure tools' in subreddit 'BeautyProfessionals'. Details: received 401 HTTP response
2024-12-19 22:03:55,199 - Failed to fetch posts for keyword 'callus remover' in subreddit 'BeautyProfessionals'. Details: received 401 HTTP response
2024-12-19 22:03:55,269 - Failed to fetch posts for keyword 'nail clippers' in subreddit 'BeautyProfessionals'. Details: received 401 HTTP response
2024-12-19 22:03:55,344 - Failed to fetch posts for keyword 'nail nippers' in subreddit 'BeautyProfessionals'. Details: received 401 HTTP response
2024-12-19 22:03:55,427 - Failed to fetch posts for keyword 'nail cutters' in subreddit 'BeautyProfessionals'. Details: received 401 HTTP response
2024-12-19 22:03:55,498 - Failed to fetch posts for keyword 'professional nail tools' in subreddit 'BeautyProfessionals'. Details: received 401 HTTP response
2024-12-19 22:03:55,573 - Failed to fetch posts for keyword 'salon supplies' in subreddit 'BeautyProfessionals'. Details: received 401 HTTP response
2024-12-19 22:03:55,648 - Failed to fetch posts for keyword 'nail buffer' in subreddit 'BeautyProfessionals'. Details: received 401 HTTP response
2024-12-19 22:03:55,734 - Failed to fetch posts for keyword 'nail file' in subreddit 'BeautyProfessionals'. Details: received 401 HTTP response
2024-12-19 22:03:55,847 - Failed to fetch posts for keyword 'stainless steel nail clippers' in subreddit 'BeautyProfessionals'. Details: received 401 HTTP response
2024-12-19 22:03:55,921 - Failed to fetch posts for keyword 'precision nail cutter' in subreddit 'BeautyProfessionals'. Details: received 401 HTTP response
2024-12-19 22:03:55,999 - Failed to fetch posts for keyword 'electric nail file' in subreddit 'BeautyProfessionals'. Details: received 401 HTTP response
2024-12-19 22:03:56,083 - Failed to fetch posts for keyword 'durable nail nippers' in subreddit 'BeautyProfessionals'. Details: received 401 HTTP response
2024-12-19 22:03:56,154 - Failed to fetch posts for keyword 'cuticle pusher' in subreddit 'BeautyProfessionals'. Details: received 401 HTTP response
2024-12-19 22:03:56,236 - Failed to fetch posts for keyword 'glass nail file' in subreddit 'BeautyProfessionals'. Details: received 401 HTTP response
2024-12-19 22:03:56,310 - Failed to fetch posts for keyword 'nail salon tools' in subreddit 'BeautyProfessionals'. Details: received 401 HTTP response
2024-12-19 22:03:56,393 - Failed to fetch posts for keyword 'ergonomic nail clippers' in subreddit 'BeautyProfessionals'. Details: received 401 HTTP response
2024-12-19 22:03:56,476 - Failed to fetch posts for keyword 'salon equipment' in subreddit 'BeautyProfessionals'. Details: received 401 HTTP response
2024-12-19 22:03:56,548 - Failed to fetch posts for keyword 'nail salon hygiene' in subreddit 'BeautyProfessionals'. Details: received 401 HTTP response
2024-12-19 22:03:56,622 - Failed to fetch posts for keyword 'pedicure tools' in subreddit 'MakeupAddiction'. Details: received 401 HTTP response
2024-12-19 22:03:56,690 - Failed to fetch posts for keyword 'manicure tools' in subreddit 'MakeupAddiction'. Details: received 401 HTTP response
2024-12-19 22:03:56,769 - Failed to fetch posts for keyword 'callus remover' in subreddit 'MakeupAddiction'. Details: received 401 HTTP response
2024-12-19 22:03:56,833 - Failed to fetch posts for keyword 'nail clippers' in subreddit 'MakeupAddiction'. Details: received 401 HTTP response
2024-12-19 22:03:56,904 - Failed to fetch posts for keyword 'nail nippers' in subreddit 'MakeupAddiction'. Details: received 401 HTTP response
2024-12-19 22:03:56,982 - Failed to fetch posts for keyword 'nail cutters' in subreddit 'MakeupAddiction'. Details: received 401 HTTP response
2024-12-19 22:03:57,065 - Failed to fetch posts for keyword 'professional nail tools' in subreddit 'MakeupAddiction'. Details: received 401 HTTP response
2024-12-19 22:03:57,138 - Failed to fetch posts for keyword 'salon supplies' in subreddit 'MakeupAddiction'. Details: received 401 HTTP response
2024-12-19 22:03:57,229 - Failed to fetch posts for keyword 'nail buffer' in subreddit 'MakeupAddiction'. Details: received 401 HTTP response
2024-12-19 22:03:57,298 - Failed to fetch posts for keyword 'nail file' in subreddit 'MakeupAddiction'. Details: received 401 HTTP response
2024-12-19 22:03:57,366 - Failed to fetch posts for keyword 'stainless steel nail clippers' in subreddit 'MakeupAddiction'. Details: received 401 HTTP response
2024-12-19 22:03:57,435 - Failed to fetch posts for keyword 'precision nail cutter' in subreddit 'MakeupAddiction'. Details: received 401 HTTP response
2024-12-19 22:03:57,506 - Failed to fetch posts for keyword 'electric nail file' in subreddit 'MakeupAddiction'. Details: received 401 HTTP response
2024-12-19 22:03:57,581 - Failed to fetch posts for keyword 'durable nail nippers' in subreddit 'MakeupAddiction'. Details: received 401 HTTP response
2024-12-19 22:03:57,663 - Failed to fetch posts for keyword 'cuticle pusher' in subreddit 'MakeupAddiction'. Details: received 401 HTTP response
2024-12-19 22:03:57,733 - Failed to fetch posts for keyword 'glass nail file' in subreddit 'MakeupAddiction'. Details: received 401 HTTP response
2024-12-19 22:03:57,805 - Failed to fetch posts for keyword 'nail salon tools' in subreddit 'MakeupAddiction'. Details: received 401 HTTP response
2024-12-19 22:03:57,874 - Failed to fetch posts for keyword 'ergonomic nail clippers' in subreddit 'MakeupAddiction'. Details: received 401 HTTP response
2024-12-19 22:03:57,957 - Failed to fetch posts for keyword 'salon equipment' in subreddit 'MakeupAddiction'. Details: received 401 HTTP response
2024-12-19 22:03:58,031 - Failed to fetch posts for keyword 'nail salon hygiene' in subreddit 'MakeupAddiction'. Details: received 401 HTTP response
2024-12-19 22:03:58,108 - Failed to fetch posts for keyword 'pedicure tools' in subreddit 'SkincareAddiction'. Details: received 401 HTTP response
2024-12-19 22:03:58,183 - Failed to fetch posts for keyword 'manicure tools' in subreddit 'SkincareAddiction'. Details: received 401 HTTP response
2024-12-19 22:03:58,254 - Failed to fetch posts for keyword 'callus remover' in subreddit 'SkincareAddiction'. Details: received 401 HTTP response
2024-12-19 22:03:58,331 - Failed to fetch posts for keyword 'nail clippers' in subreddit 'SkincareAddiction'. Details: received 401 HTTP response
2024-12-19 22:03:58,400 - Failed to fetch posts for keyword 'nail nippers' in subreddit 'SkincareAddiction'. Details: received 401 HTTP response
2024-12-19 22:03:58,471 - Failed to fetch posts for keyword 'nail cutters' in subreddit 'SkincareAddiction'. Details: received 401 HTTP response
2024-12-19 22:03:58,549 - Failed to fetch posts for keyword 'professional nail tools' in subreddit 'SkincareAddiction'. Details: received 401 HTTP response
2024-12-19 22:03:58,614 - Failed to fetch posts for keyword 'salon supplies' in subreddit 'SkincareAddiction'. Details: received 401 HTTP response
2024-12-19 22:03:58,687 - Failed to fetch posts for keyword 'nail buffer' in subreddit 'SkincareAddiction'. Details: received 401 HTTP response
2024-12-19 22:03:58,757 - Failed to fetch posts for keyword 'nail file' in subreddit 'SkincareAddiction'. Details: received 401 HTTP response
2024-12-19 22:03:58,823 - Failed to fetch posts for keyword 'stainless steel nail clippers' in subreddit 'SkincareAddiction'. Details: received 401 HTTP response
2024-12-19 22:03:58,896 - Failed to fetch posts for keyword 'precision nail cutter' in subreddit 'SkincareAddiction'. Details: received 401 HTTP response
2024-12-19 22:03:58,968 - Failed to fetch posts for keyword 'electric nail file' in subreddit 'SkincareAddiction'. Details: received 401 HTTP response
2024-12-19 22:03:59,048 - Failed to fetch posts for keyword 'durable nail nippers' in subreddit 'SkincareAddiction'. Details: received 401 HTTP response
2024-12-19 22:03:59,118 - Failed to fetch posts for keyword 'cuticle pusher' in subreddit 'SkincareAddiction'. Details: received 401 HTTP response
2024-12-19 22:03:59,192 - Failed to fetch posts for keyword 'glass nail file' in subreddit 'SkincareAddiction'. Details: received 401 HTTP response
2024-12-19 22:03:59,281 - Failed to fetch posts for keyword 'nail salon tools' in subreddit 'SkincareAddiction'. Details: received 401 HTTP response
2024-12-19 22:03:59,362 - Failed to fetch posts for keyword 'ergonomic nail clippers' in subreddit 'SkincareAddiction'. Details: received 401 HTTP response
2024-12-19 22:03:59,449 - Failed to fetch posts for keyword 'salon equipment' in subreddit 'SkincareAddiction'. Details: received 401 HTTP response
2024-12-19 22:03:59,525 - Failed to fetch posts for keyword 'nail salon hygiene' in subreddit 'SkincareAddiction'. Details: received 401 HTTP response
2024-12-19 22:03:59,596 - Failed to fetch posts for keyword 'pedicure tools' in subreddit 'Esthetics'. Details: received 401 HTTP response
2024-12-19 22:03:59,659 - Failed to fetch posts for keyword 'manicure tools' in subreddit 'Esthetics'. Details: received 401 HTTP response
2024-12-19 22:03:59,740 - Failed to fetch posts for keyword 'callus remover' in subreddit 'Esthetics'. Details: received 401 HTTP response
2024-12-19 22:03:59,812 - Failed to fetch posts for keyword 'nail clippers' in subreddit 'Esthetics'. Details: received 401 HTTP response
2024-12-19 22:03:59,898 - Failed to fetch posts for keyword 'nail nippers' in subreddit 'Esthetics'. Details: received 401 HTTP response
2024-12-19 22:03:59,983 - Failed to fetch posts for keyword 'nail cutters' in subreddit 'Esthetics'. Details: received 401 HTTP response
2024-12-19 22:04:00,072 - Failed to fetch posts for keyword 'professional nail tools' in subreddit 'Esthetics'. Details: received 401 HTTP response
2024-12-19 22:04:00,145 - Failed to fetch posts for keyword 'salon supplies' in subreddit 'Esthetics'. Details: received 401 HTTP response
2024-12-19 22:04:00,221 - Failed to fetch posts for keyword 'nail buffer' in subreddit 'Esthetics'. Details: received 401 HTTP response
2024-12-19 22:04:00,291 - Failed to fetch posts for keyword 'nail file' in subreddit 'Esthetics'. Details: received 401 HTTP response
2024-12-19 22:04:00,401 - Failed to fetch posts for keyword 'stainless steel nail clippers' in subreddit 'Esthetics'. Details: received 401 HTTP response
2024-12-19 22:04:00,467 - Failed to fetch posts for keyword 'precision nail cutter' in subreddit 'Esthetics'. Details: received 401 HTTP response
2024-12-19 22:04:00,546 - Failed to fetch posts for keyword 'electric nail file' in subreddit 'Esthetics'. Details: received 401 HTTP response
2024-12-19 22:04:00,617 - Failed to fetch posts for keyword 'durable nail nippers' in subreddit 'Esthetics'. Details: received 401 HTTP response
2024-12-19 22:04:00,694 - Failed to fetch posts for keyword 'cuticle pusher' in subreddit 'Esthetics'. Details: received 401 HTTP response
2024-12-19 22:04:00,773 - Failed to fetch posts for keyword 'glass nail file' in subreddit 'Esthetics'. Details: received 401 HTTP response
2024-12-19 22:04:00,852 - Failed to fetch posts for keyword 'nail salon tools' in subreddit 'Esthetics'. Details: received 401 HTTP response
2024-12-19 22:04:00,948 - Failed to fetch posts for keyword 'ergonomic nail clippers' in subreddit 'Esthetics'. Details: received 401 HTTP response
2024-12-19 22:04:01,016 - Failed to fetch posts for keyword 'salon equipment' in subreddit 'Esthetics'. Details: received 401 HTTP response
2024-12-19 22:04:01,100 - Failed to fetch posts for keyword 'nail salon hygiene' in subreddit 'Esthetics'. Details: received 401 HTTP response
2024-12-19 22:04:01,180 - Failed to fetch posts for keyword 'pedicure tools' in subreddit 'SalonOwners'. Details: received 401 HTTP response
2024-12-19 22:04:01,262 - Failed to fetch posts for keyword 'manicure tools' in subreddit 'SalonOwners'. Details: received 401 HTTP response
2024-12-19 22:04:01,330 - Failed to fetch posts for keyword 'callus remover' in subreddit 'SalonOwners'. Details: received 401 HTTP response
2024-12-19 22:04:01,396 - Failed to fetch posts for keyword 'nail clippers' in subreddit 'SalonOwners'. Details: received 401 HTTP response
2024-12-19 22:04:01,476 - Failed to fetch posts for keyword 'nail nippers' in subreddit 'SalonOwners'. Details: received 401 HTTP response
2024-12-19 22:04:01,545 - Failed to fetch posts for keyword 'nail cutters' in subreddit 'SalonOwners'. Details: received 401 HTTP response
2024-12-19 22:04:01,612 - Failed to fetch posts for keyword 'professional nail tools' in subreddit 'SalonOwners'. Details: received 401 HTTP response
2024-12-19 22:04:01,686 - Failed to fetch posts for keyword 'salon supplies' in subreddit 'SalonOwners'. Details: received 401 HTTP response
2024-12-19 22:04:01,784 - Failed to fetch posts for keyword 'nail buffer' in subreddit 'SalonOwners'. Details: received 401 HTTP response
2024-12-19 22:04:01,855 - Failed to fetch posts for keyword 'nail file' in subreddit 'SalonOwners'. Details: received 401 HTTP response
2024-12-19 22:04:01,928 - Failed to fetch posts for keyword 'stainless steel nail clippers' in subreddit 'SalonOwners'. Details: received 401 HTTP response
2024-12-19 22:04:02,008 - Failed to fetch posts for keyword 'precision nail cutter' in subreddit 'SalonOwners'. Details: received 401 HTTP response
2024-12-19 22:04:02,090 - Failed to fetch posts for keyword 'electric nail file' in subreddit 'SalonOwners'. Details: received 401 HTTP response
2024-12-19 22:04:02,172 - Failed to fetch posts for keyword 'durable nail nippers' in subreddit 'SalonOwners'. Details: received 401 HTTP response
2024-12-19 22:04:02,241 - Failed to fetch posts for keyword 'cuticle pusher' in subreddit 'SalonOwners'. Details: received 401 HTTP response
2024-12-19 22:04:02,322 - Failed to fetch posts for keyword 'glass nail file' in subreddit 'SalonOwners'. Details: received 401 HTTP response
2024-12-19 22:04:02,410 - Failed to fetch posts for keyword 'nail salon tools' in subreddit 'SalonOwners'. Details: received 401 HTTP response
2024-12-19 22:04:02,489 - Failed to fetch posts for keyword 'ergonomic nail clippers' in subreddit 'SalonOwners'. Details: received 401 HTTP response
2024-12-19 22:04:02,559 - Failed to fetch posts for keyword 'salon equipment' in subreddit 'SalonOwners'. Details: received 401 HTTP response
2024-12-19 22:04:02,638 - Failed to fetch posts for keyword 'nail salon hygiene' in subreddit 'SalonOwners'. Details: received 401 HTTP response
2024-12-19 22:04:02,719 - Failed to fetch posts for keyword 'pedicure tools' in subreddit 'Beauty'. Details: received 401 HTTP response
2024-12-19 22:04:02,798 - Failed to fetch posts for keyword 'manicure tools' in subreddit 'Beauty'. Details: received 401 HTTP response
2024-12-19 22:04:02,865 - Failed to fetch posts for keyword 'callus remover' in subreddit 'Beauty'. Details: received 401 HTTP response
2024-12-19 22:04:02,961 - Failed to fetch posts for keyword 'nail clippers' in subreddit 'Beauty'. Details: received 401 HTTP response
2024-12-19 22:04:03,028 - Failed to fetch posts for keyword 'nail nippers' in subreddit 'Beauty'. Details: received 401 HTTP response
2024-12-19 22:04:03,111 - Failed to fetch posts for keyword 'nail cutters' in subreddit 'Beauty'. Details: received 401 HTTP response
2024-12-19 22:04:03,188 - Failed to fetch posts for keyword 'professional nail tools' in subreddit 'Beauty'. Details: received 401 HTTP response
2024-12-19 22:04:03,250 - Failed to fetch posts for keyword 'salon supplies' in subreddit 'Beauty'. Details: received 401 HTTP response
2024-12-19 22:04:03,335 - Failed to fetch posts for keyword 'nail buffer' in subreddit 'Beauty'. Details: received 401 HTTP response
2024-12-19 22:04:03,413 - Failed to fetch posts for keyword 'nail file' in subreddit 'Beauty'. Details: received 401 HTTP response
2024-12-19 22:04:03,497 - Failed to fetch posts for keyword 'stainless steel nail clippers' in subreddit 'Beauty'. Details: received 401 HTTP response
2024-12-19 22:04:03,579 - Failed to fetch posts for keyword 'precision nail cutter' in subreddit 'Beauty'. Details: received 401 HTTP response
2024-12-19 22:04:03,659 - Failed to fetch posts for keyword 'electric nail file' in subreddit 'Beauty'. Details: received 401 HTTP response
2024-12-19 22:04:03,738 - Failed to fetch posts for keyword 'durable nail nippers' in subreddit 'Beauty'. Details: received 401 HTTP response
2024-12-19 22:04:03,816 - Failed to fetch posts for keyword 'cuticle pusher' in subreddit 'Beauty'. Details: received 401 HTTP response
2024-12-19 22:04:03,900 - Failed to fetch posts for keyword 'glass nail file' in subreddit 'Beauty'. Details: received 401 HTTP response
2024-12-19 22:04:03,967 - Failed to fetch posts for keyword 'nail salon tools' in subreddit 'Beauty'. Details: received 401 HTTP response
2024-12-19 22:04:04,048 - Failed to fetch posts for keyword 'ergonomic nail clippers' in subreddit 'Beauty'. Details: received 401 HTTP response
2024-12-19 22:04:04,124 - Failed to fetch posts for keyword 'salon equipment' in subreddit 'Beauty'. Details: received 401 HTTP response
2024-12-19 22:04:04,196 - Failed to fetch posts for keyword 'nail salon hygiene' in subreddit 'Beauty'. Details: received 401 HTTP response
2024-12-19 22:04:04,281 - Failed to fetch posts for keyword 'pedicure tools' in subreddit 'Workspaces'. Details: received 401 HTTP response
2024-12-19 22:04:04,366 - Failed to fetch posts for keyword 'manicure tools' in subreddit 'Workspaces'. Details: received 401 HTTP response
2024-12-19 22:04:04,446 - Failed to fetch posts for keyword 'callus remover' in subreddit 'Workspaces'. Details: received 401 HTTP response
2024-12-19 22:04:04,530 - Failed to fetch posts for keyword 'nail clippers' in subreddit 'Workspaces'. Details: received 401 HTTP response
2024-12-19 22:04:04,602 - Failed to fetch posts for keyword 'nail nippers' in subreddit 'Workspaces'. Details: received 401 HTTP response
2024-12-19 22:04:04,678 - Failed to fetch posts for keyword 'nail cutters' in subreddit 'Workspaces'. Details: received 401 HTTP response
2024-12-19 22:04:04,757 - Failed to fetch posts for keyword 'professional nail tools' in subreddit 'Workspaces'. Details: received 401 HTTP response
2024-12-19 22:04:04,832 - Failed to fetch posts for keyword 'salon supplies' in subreddit 'Workspaces'. Details: received 401 HTTP response
2024-12-19 22:04:04,896 - Failed to fetch posts for keyword 'nail buffer' in subreddit 'Workspaces'. Details: received 401 HTTP response
2024-12-19 22:04:04,977 - Failed to fetch posts for keyword 'nail file' in subreddit 'Workspaces'. Details: received 401 HTTP response
2024-12-19 22:04:05,048 - Failed to fetch posts for keyword 'stainless steel nail clippers' in subreddit 'Workspaces'. Details: received 401 HTTP response
2024-12-19 22:04:05,126 - Failed to fetch posts for keyword 'precision nail cutter' in subreddit 'Workspaces'. Details: received 401 HTTP response
2024-12-19 22:04:05,308 - Failed to fetch posts for keyword 'electric nail file' in subreddit 'Workspaces'. Details: received 401 HTTP response
2024-12-19 22:04:05,388 - Failed to fetch posts for keyword 'durable nail nippers' in subreddit 'Workspaces'. Details: received 401 HTTP response
2024-12-19 22:04:05,459 - Failed to fetch posts for keyword 'cuticle pusher' in subreddit 'Workspaces'. Details: received 401 HTTP response
2024-12-19 22:04:05,530 - Failed to fetch posts for keyword 'glass nail file' in subreddit 'Workspaces'. Details: received 401 HTTP response
2024-12-19 22:04:05,603 - Failed to fetch posts for keyword 'nail salon tools' in subreddit 'Workspaces'. Details: received 401 HTTP response
2024-12-19 22:04:05,683 - Failed to fetch posts for keyword 'ergonomic nail clippers' in subreddit 'Workspaces'. Details: received 401 HTTP response
2024-12-19 22:04:05,773 - Failed to fetch posts for keyword 'salon equipment' in subreddit 'Workspaces'. Details: received 401 HTTP response
2024-12-19 22:04:05,846 - Failed to fetch posts for keyword 'nail salon hygiene' in subreddit 'Workspaces'. Details: received 401 HTTP response
2024-12-19 22:04:05,927 - Failed to fetch posts for keyword 'pedicure tools' in subreddit 'WomenInBusiness'. Details: received 401 HTTP response
2024-12-19 22:04:06,002 - Failed to fetch posts for keyword 'manicure tools' in subreddit 'WomenInBusiness'. Details: received 401 HTTP response
2024-12-19 22:04:06,069 - Failed to fetch posts for keyword 'callus remover' in subreddit 'WomenInBusiness'. Details: received 401 HTTP response
2024-12-19 22:04:06,136 - Failed to fetch posts for keyword 'nail clippers' in subreddit 'WomenInBusiness'. Details: received 401 HTTP response
2024-12-19 22:04:06,213 - Failed to fetch posts for keyword 'nail nippers' in subreddit 'WomenInBusiness'. Details: received 401 HTTP response
2024-12-19 22:04:06,286 - Failed to fetch posts for keyword 'nail cutters' in subreddit 'WomenInBusiness'. Details: received 401 HTTP response
2024-12-19 22:04:06,360 - Failed to fetch posts for keyword 'professional nail tools' in subreddit 'WomenInBusiness'. Details: received 401 HTTP response
2024-12-19 22:04:06,439 - Failed to fetch posts for keyword 'salon supplies' in subreddit 'WomenInBusiness'. Details: received 401 HTTP response
2024-12-19 22:04:06,507 - Failed to fetch posts for keyword 'nail buffer' in subreddit 'WomenInBusiness'. Details: received 401 HTTP response
2024-12-19 22:04:06,589 - Failed to fetch posts for keyword 'nail file' in subreddit 'WomenInBusiness'. Details: received 401 HTTP response
2024-12-19 22:04:06,672 - Failed to fetch posts for keyword 'stainless steel nail clippers' in subreddit 'WomenInBusiness'. Details: received 401 HTTP response
2024-12-19 22:04:06,738 - Failed to fetch posts for keyword 'precision nail cutter' in subreddit 'WomenInBusiness'. Details: received 401 HTTP response
2024-12-19 22:04:06,808 - Failed to fetch posts for keyword 'electric nail file' in subreddit 'WomenInBusiness'. Details: received 401 HTTP response
2024-12-19 22:04:06,883 - Failed to fetch posts for keyword 'durable nail nippers' in subreddit 'WomenInBusiness'. Details: received 401 HTTP response
2024-12-19 22:04:06,964 - Failed to fetch posts for keyword 'cuticle pusher' in subreddit 'WomenInBusiness'. Details: received 401 HTTP response
2024-12-19 22:04:07,043 - Failed to fetch posts for keyword 'glass nail file' in subreddit 'WomenInBusiness'. Details: received 401 HTTP response
2024-12-19 22:04:07,125 - Failed to fetch posts for keyword 'nail salon tools' in subreddit 'WomenInBusiness'. Details: received 401 HTTP response
2024-12-19 22:04:07,206 - Failed to fetch posts for keyword 'ergonomic nail clippers' in subreddit 'WomenInBusiness'. Details: received 401 HTTP response
2024-12-19 22:04:07,286 - Failed to fetch posts for keyword 'salon equipment' in subreddit 'WomenInBusiness'. Details: received 401 HTTP response
2024-12-19 22:04:07,368 - Failed to fetch posts for keyword 'nail salon hygiene' in subreddit 'WomenInBusiness'. Details: received 401 HTTP response
2024-12-19 22:04:07,450 - Failed to fetch posts for keyword 'pedicure tools' in subreddit 'SmallBusiness'. Details: received 401 HTTP response
2024-12-19 22:04:07,521 - Failed to fetch posts for keyword 'manicure tools' in subreddit 'SmallBusiness'. Details: received 401 HTTP response
2024-12-19 22:04:07,595 - Failed to fetch posts for keyword 'callus remover' in subreddit 'SmallBusiness'. Details: received 401 HTTP response
2024-12-19 22:04:07,667 - Failed to fetch posts for keyword 'nail clippers' in subreddit 'SmallBusiness'. Details: received 401 HTTP response
2024-12-19 22:04:07,751 - Failed to fetch posts for keyword 'nail nippers' in subreddit 'SmallBusiness'. Details: received 401 HTTP response
2024-12-19 22:04:07,837 - Failed to fetch posts for keyword 'nail cutters' in subreddit 'SmallBusiness'. Details: received 401 HTTP response
2024-12-19 22:04:07,910 - Failed to fetch posts for keyword 'professional nail tools' in subreddit 'SmallBusiness'. Details: received 401 HTTP response
2024-12-19 22:04:07,992 - Failed to fetch posts for keyword 'salon supplies' in subreddit 'SmallBusiness'. Details: received 401 HTTP response
2024-12-19 22:04:08,079 - Failed to fetch posts for keyword 'nail buffer' in subreddit 'SmallBusiness'. Details: received 401 HTTP response
2024-12-19 22:04:08,157 - Failed to fetch posts for keyword 'nail file' in subreddit 'SmallBusiness'. Details: received 401 HTTP response
2024-12-19 22:04:08,243 - Failed to fetch posts for keyword 'stainless steel nail clippers' in subreddit 'SmallBusiness'. Details: received 401 HTTP response
2024-12-19 22:04:08,320 - Failed to fetch posts for keyword 'precision nail cutter' in subreddit 'SmallBusiness'. Details: received 401 HTTP response
2024-12-19 22:04:08,397 - Failed to fetch posts for keyword 'electric nail file' in subreddit 'SmallBusiness'. Details: received 401 HTTP response
2024-12-19 22:04:08,475 - Failed to fetch posts for keyword 'durable nail nippers' in subreddit 'SmallBusiness'. Details: received 401 HTTP response
2024-12-19 22:04:08,562 - Failed to fetch posts for keyword 'cuticle pusher' in subreddit 'SmallBusiness'. Details: received 401 HTTP response
2024-12-19 22:04:08,641 - Failed to fetch posts for keyword 'glass nail file' in subreddit 'SmallBusiness'. Details: received 401 HTTP response
2024-12-19 22:04:08,716 - Failed to fetch posts for keyword 'nail salon tools' in subreddit 'SmallBusiness'. Details: received 401 HTTP response
2024-12-19 22:04:08,805 - Failed to fetch posts for keyword 'ergonomic nail clippers' in subreddit 'SmallBusiness'. Details: received 401 HTTP response
2024-12-19 22:04:08,883 - Failed to fetch posts for keyword 'salon equipment' in subreddit 'SmallBusiness'. Details: received 401 HTTP response
2024-12-19 22:04:08,959 - Failed to fetch posts for keyword 'nail salon hygiene' in subreddit 'SmallBusiness'. Details: received 401 HTTP response
2024-12-19 22:04:09,046 - Failed to fetch posts for keyword 'pedicure tools' in subreddit 'Fashion'. Details: received 401 HTTP response
2024-12-19 22:04:09,123 - Failed to fetch posts for keyword 'manicure tools' in subreddit 'Fashion'. Details: received 401 HTTP response
2024-12-19 22:04:09,195 - Failed to fetch posts for keyword 'callus remover' in subreddit 'Fashion'. Details: received 401 HTTP response
2024-12-19 22:04:09,276 - Failed to fetch posts for keyword 'nail clippers' in subreddit 'Fashion'. Details: received 401 HTTP response
2024-12-19 22:04:09,345 - Failed to fetch posts for keyword 'nail nippers' in subreddit 'Fashion'. Details: received 401 HTTP response
2024-12-19 22:04:09,447 - Failed to fetch posts for keyword 'nail cutters' in subreddit 'Fashion'. Details: received 401 HTTP response
2024-12-19 22:04:09,523 - Failed to fetch posts for keyword 'professional nail tools' in subreddit 'Fashion'. Details: received 401 HTTP response
2024-12-19 22:04:09,602 - Failed to fetch posts for keyword 'salon supplies' in subreddit 'Fashion'. Details: received 401 HTTP response
2024-12-19 22:04:09,677 - Failed to fetch posts for keyword 'nail buffer' in subreddit 'Fashion'. Details: received 401 HTTP response
2024-12-19 22:04:09,769 - Failed to fetch posts for keyword 'nail file' in subreddit 'Fashion'. Details: received 401 HTTP response
2024-12-19 22:04:09,847 - Failed to fetch posts for keyword 'stainless steel nail clippers' in subreddit 'Fashion'. Details: received 401 HTTP response
2024-12-19 22:04:09,930 - Failed to fetch posts for keyword 'precision nail cutter' in subreddit 'Fashion'. Details: received 401 HTTP response
2024-12-19 22:04:10,007 - Failed to fetch posts for keyword 'electric nail file' in subreddit 'Fashion'. Details: received 401 HTTP response
2024-12-19 22:04:10,089 - Failed to fetch posts for keyword 'durable nail nippers' in subreddit 'Fashion'. Details: received 401 HTTP response
2024-12-19 22:04:10,156 - Failed to fetch posts for keyword 'cuticle pusher' in subreddit 'Fashion'. Details: received 401 HTTP response
2024-12-19 22:04:10,228 - Failed to fetch posts for keyword 'glass nail file' in subreddit 'Fashion'. Details: received 401 HTTP response
2024-12-19 22:04:10,305 - Failed to fetch posts for keyword 'nail salon tools' in subreddit 'Fashion'. Details: received 401 HTTP response
2024-12-19 22:04:10,385 - Failed to fetch posts for keyword 'ergonomic nail clippers' in subreddit 'Fashion'. Details: received 401 HTTP response
2024-12-19 22:04:10,462 - Failed to fetch posts for keyword 'salon equipment' in subreddit 'Fashion'. Details: received 401 HTTP response
2024-12-19 22:04:10,563 - Failed to fetch posts for keyword 'nail salon hygiene' in subreddit 'Fashion'. Details: received 401 HTTP response
2024-12-19 22:04:10,653 - Failed to fetch posts for keyword 'pedicure tools' in subreddit 'BeautyAddiction'. Details: received 401 HTTP response
2024-12-19 22:04:10,729 - Failed to fetch posts for keyword 'manicure tools' in subreddit 'BeautyAddiction'. Details: received 401 HTTP response
2024-12-19 22:04:10,804 - Failed to fetch posts for keyword 'callus remover' in subreddit 'BeautyAddiction'. Details: received 401 HTTP response
2024-12-19 22:04:10,891 - Failed to fetch posts for keyword 'nail clippers' in subreddit 'BeautyAddiction'. Details: received 401 HTTP response
2024-12-19 22:04:10,974 - Failed to fetch posts for keyword 'nail nippers' in subreddit 'BeautyAddiction'. Details: received 401 HTTP response
2024-12-19 22:04:11,056 - Failed to fetch posts for keyword 'nail cutters' in subreddit 'BeautyAddiction'. Details: received 401 HTTP response
2024-12-19 22:04:11,126 - Failed to fetch posts for keyword 'professional nail tools' in subreddit 'BeautyAddiction'. Details: received 401 HTTP response
2024-12-19 22:04:11,199 - Failed to fetch posts for keyword 'salon supplies' in subreddit 'BeautyAddiction'. Details: received 401 HTTP response
2024-12-19 22:04:11,266 - Failed to fetch posts for keyword 'nail buffer' in subreddit 'BeautyAddiction'. Details: received 401 HTTP response
2024-12-19 22:04:11,350 - Failed to fetch posts for keyword 'nail file' in subreddit 'BeautyAddiction'. Details: received 401 HTTP response
2024-12-19 22:04:11,428 - Failed to fetch posts for keyword 'stainless steel nail clippers' in subreddit 'BeautyAddiction'. Details: received 401 HTTP response
2024-12-19 22:04:11,505 - Failed to fetch posts for keyword 'precision nail cutter' in subreddit 'BeautyAddiction'. Details: received 401 HTTP response
2024-12-19 22:04:11,574 - Failed to fetch posts for keyword 'electric nail file' in subreddit 'BeautyAddiction'. Details: received 401 HTTP response
2024-12-19 22:04:11,642 - Failed to fetch posts for keyword 'durable nail nippers' in subreddit 'BeautyAddiction'. Details: received 401 HTTP response
2024-12-19 22:04:11,719 - Failed to fetch posts for keyword 'cuticle pusher' in subreddit 'BeautyAddiction'. Details: received 401 HTTP response
2024-12-19 22:04:11,795 - Failed to fetch posts for keyword 'glass nail file' in subreddit 'BeautyAddiction'. Details: received 401 HTTP response
2024-12-19 22:04:11,862 - Failed to fetch posts for keyword 'nail salon tools' in subreddit 'BeautyAddiction'. Details: received 401 HTTP response
2024-12-19 22:04:11,940 - Failed to fetch posts for keyword 'ergonomic nail clippers' in subreddit 'BeautyAddiction'. Details: received 401 HTTP response
2024-12-19 22:04:12,009 - Failed to fetch posts for keyword 'salon equipment' in subreddit 'BeautyAddiction'. Details: received 401 HTTP response
2024-12-19 22:04:12,119 - Failed to fetch posts for keyword 'nail salon hygiene' in subreddit 'BeautyAddiction'. Details: received 401 HTTP response
2024-12-19 22:04:12,198 - Failed to fetch posts for keyword 'pedicure tools' in subreddit 'BeautyGuruChatter'. Details: received 401 HTTP response
2024-12-19 22:04:12,268 - Failed to fetch posts for keyword 'manicure tools' in subreddit 'BeautyGuruChatter'. Details: received 401 HTTP response
2024-12-19 22:04:12,350 - Failed to fetch posts for keyword 'callus remover' in subreddit 'BeautyGuruChatter'. Details: received 401 HTTP response
2024-12-19 22:04:12,424 - Failed to fetch posts for keyword 'nail clippers' in subreddit 'BeautyGuruChatter'. Details: received 401 HTTP response
2024-12-19 22:04:12,507 - Failed to fetch posts for keyword 'nail nippers' in subreddit 'BeautyGuruChatter'. Details: received 401 HTTP response
2024-12-19 22:04:12,586 - Failed to fetch posts for keyword 'nail cutters' in subreddit 'BeautyGuruChatter'. Details: received 401 HTTP response
2024-12-19 22:04:12,672 - Failed to fetch posts for keyword 'professional nail tools' in subreddit 'BeautyGuruChatter'. Details: received 401 HTTP response
2024-12-19 22:04:12,743 - Failed to fetch posts for keyword 'salon supplies' in subreddit 'BeautyGuruChatter'. Details: received 401 HTTP response
2024-12-19 22:04:12,822 - Failed to fetch posts for keyword 'nail buffer' in subreddit 'BeautyGuruChatter'. Details: received 401 HTTP response
2024-12-19 22:04:13,225 - Failed to fetch posts for keyword 'nail file' in subreddit 'BeautyGuruChatter'. Details: received 401 HTTP response
2024-12-19 22:04:13,371 - Failed to fetch posts for keyword 'stainless steel nail clippers' in subreddit 'BeautyGuruChatter'. Details: received 401 HTTP response
2024-12-19 22:04:13,435 - Failed to fetch posts for keyword 'precision nail cutter' in subreddit 'BeautyGuruChatter'. Details: received 401 HTTP response
2024-12-19 22:04:13,505 - Failed to fetch posts for keyword 'electric nail file' in subreddit 'BeautyGuruChatter'. Details: received 401 HTTP response
2024-12-19 22:04:13,579 - Failed to fetch posts for keyword 'durable nail nippers' in subreddit 'BeautyGuruChatter'. Details: received 401 HTTP response
2024-12-19 22:04:13,666 - Failed to fetch posts for keyword 'cuticle pusher' in subreddit 'BeautyGuruChatter'. Details: received 401 HTTP response
2024-12-19 22:04:13,757 - Failed to fetch posts for keyword 'glass nail file' in subreddit 'BeautyGuruChatter'. Details: received 401 HTTP response
2024-12-19 22:04:13,832 - Failed to fetch posts for keyword 'nail salon tools' in subreddit 'BeautyGuruChatter'. Details: received 401 HTTP response
2024-12-19 22:04:13,906 - Failed to fetch posts for keyword 'ergonomic nail clippers' in subreddit 'BeautyGuruChatter'. Details: received 401 HTTP response
2024-12-19 22:04:13,982 - Failed to fetch posts for keyword 'salon equipment' in subreddit 'BeautyGuruChatter'. Details: received 401 HTTP response
2024-12-19 22:04:14,064 - Failed to fetch posts for keyword 'nail salon hygiene' in subreddit 'BeautyGuruChatter'. Details: received 401 HTTP response
2024-12-19 22:04:14,130 - Failed to fetch posts for keyword 'pedicure tools' in subreddit 'Cosmetology'. Details: received 401 HTTP response
2024-12-19 22:04:14,220 - Failed to fetch posts for keyword 'manicure tools' in subreddit 'Cosmetology'. Details: received 401 HTTP response
2024-12-19 22:04:14,290 - Failed to fetch posts for keyword 'callus remover' in subreddit 'Cosmetology'. Details: received 401 HTTP response
2024-12-19 22:04:14,362 - Failed to fetch posts for keyword 'nail clippers' in subreddit 'Cosmetology'. Details: received 401 HTTP response
2024-12-19 22:04:14,433 - Failed to fetch posts for keyword 'nail nippers' in subreddit 'Cosmetology'. Details: received 401 HTTP response
2024-12-19 22:04:14,516 - Failed to fetch posts for keyword 'nail cutters' in subreddit 'Cosmetology'. Details: received 401 HTTP response
2024-12-19 22:04:14,608 - Failed to fetch posts for keyword 'professional nail tools' in subreddit 'Cosmetology'. Details: received 401 HTTP response
2024-12-19 22:04:14,701 - Failed to fetch posts for keyword 'salon supplies' in subreddit 'Cosmetology'. Details: received 401 HTTP response
2024-12-19 22:04:14,787 - Failed to fetch posts for keyword 'nail buffer' in subreddit 'Cosmetology'. Details: received 401 HTTP response
2024-12-19 22:04:14,861 - Failed to fetch posts for keyword 'nail file' in subreddit 'Cosmetology'. Details: received 401 HTTP response
2024-12-19 22:04:14,954 - Failed to fetch posts for keyword 'stainless steel nail clippers' in subreddit 'Cosmetology'. Details: received 401 HTTP response
2024-12-19 22:04:15,038 - Failed to fetch posts for keyword 'precision nail cutter' in subreddit 'Cosmetology'. Details: received 401 HTTP response
2024-12-19 22:04:15,119 - Failed to fetch posts for keyword 'electric nail file' in subreddit 'Cosmetology'. Details: received 401 HTTP response
2024-12-19 22:04:15,194 - Failed to fetch posts for keyword 'durable nail nippers' in subreddit 'Cosmetology'. Details: received 401 HTTP response
2024-12-19 22:04:15,265 - Failed to fetch posts for keyword 'cuticle pusher' in subreddit 'Cosmetology'. Details: received 401 HTTP response
2024-12-19 22:04:15,345 - Failed to fetch posts for keyword 'glass nail file' in subreddit 'Cosmetology'. Details: received 401 HTTP response
2024-12-19 22:04:15,432 - Failed to fetch posts for keyword 'nail salon tools' in subreddit 'Cosmetology'. Details: received 401 HTTP response
2024-12-19 22:04:15,526 - Failed to fetch posts for keyword 'ergonomic nail clippers' in subreddit 'Cosmetology'. Details: received 401 HTTP response
2024-12-19 22:04:15,595 - Failed to fetch posts for keyword 'salon equipment' in subreddit 'Cosmetology'. Details: received 401 HTTP response
2024-12-19 22:04:15,662 - Failed to fetch posts for keyword 'nail salon hygiene' in subreddit 'Cosmetology'. Details: received 401 HTTP response
2024-12-19 22:04:15,748 - Failed to fetch posts for keyword 'pedicure tools' in subreddit 'ProfessionalBeauty'. Details: received 401 HTTP response
2024-12-19 22:04:15,820 - Failed to fetch posts for keyword 'manicure tools' in subreddit 'ProfessionalBeauty'. Details: received 401 HTTP response
2024-12-19 22:04:15,896 - Failed to fetch posts for keyword 'callus remover' in subreddit 'ProfessionalBeauty'. Details: received 401 HTTP response
2024-12-19 22:04:15,975 - Failed to fetch posts for keyword 'nail clippers' in subreddit 'ProfessionalBeauty'. Details: received 401 HTTP response
2024-12-19 22:04:16,053 - Failed to fetch posts for keyword 'nail nippers' in subreddit 'ProfessionalBeauty'. Details: received 401 HTTP response
2024-12-19 22:04:16,129 - Failed to fetch posts for keyword 'nail cutters' in subreddit 'ProfessionalBeauty'. Details: received 401 HTTP response
2024-12-19 22:04:16,210 - Failed to fetch posts for keyword 'professional nail tools' in subreddit 'ProfessionalBeauty'. Details: received 401 HTTP response
2024-12-19 22:04:16,287 - Failed to fetch posts for keyword 'salon supplies' in subreddit 'ProfessionalBeauty'. Details: received 401 HTTP response
2024-12-19 22:04:16,365 - Failed to fetch posts for keyword 'nail buffer' in subreddit 'ProfessionalBeauty'. Details: received 401 HTTP response
2024-12-19 22:04:16,442 - Failed to fetch posts for keyword 'nail file' in subreddit 'ProfessionalBeauty'. Details: received 401 HTTP response
2024-12-19 22:04:16,513 - Failed to fetch posts for keyword 'stainless steel nail clippers' in subreddit 'ProfessionalBeauty'. Details: received 401 HTTP response
2024-12-19 22:04:16,591 - Failed to fetch posts for keyword 'precision nail cutter' in subreddit 'ProfessionalBeauty'. Details: received 401 HTTP response
2024-12-19 22:04:16,657 - Failed to fetch posts for keyword 'electric nail file' in subreddit 'ProfessionalBeauty'. Details: received 401 HTTP response
2024-12-19 22:04:16,742 - Failed to fetch posts for keyword 'durable nail nippers' in subreddit 'ProfessionalBeauty'. Details: received 401 HTTP response
2024-12-19 22:04:16,822 - Failed to fetch posts for keyword 'cuticle pusher' in subreddit 'ProfessionalBeauty'. Details: received 401 HTTP response
2024-12-19 22:04:16,896 - Failed to fetch posts for keyword 'glass nail file' in subreddit 'ProfessionalBeauty'. Details: received 401 HTTP response
2024-12-19 22:04:16,972 - Failed to fetch posts for keyword 'nail salon tools' in subreddit 'ProfessionalBeauty'. Details: received 401 HTTP response
2024-12-19 22:04:17,050 - Failed to fetch posts for keyword 'ergonomic nail clippers' in subreddit 'ProfessionalBeauty'. Details: received 401 HTTP response
2024-12-19 22:04:17,129 - Failed to fetch posts for keyword 'salon equipment' in subreddit 'ProfessionalBeauty'. Details: received 401 HTTP response
2024-12-19 22:04:17,200 - Failed to fetch posts for keyword 'nail salon hygiene' in subreddit 'ProfessionalBeauty'. Details: received 401 HTTP response
2024-12-19 22:04:17,282 - Failed to fetch posts for keyword 'pedicure tools' in subreddit 'AskEstheticians'. Details: received 401 HTTP response
2024-12-19 22:04:17,365 - Failed to fetch posts for keyword 'manicure tools' in subreddit 'AskEstheticians'. Details: received 401 HTTP response
2024-12-19 22:04:17,442 - Failed to fetch posts for keyword 'callus remover' in subreddit 'AskEstheticians'. Details: received 401 HTTP response
2024-12-19 22:04:17,510 - Failed to fetch posts for keyword 'nail clippers' in subreddit 'AskEstheticians'. Details: received 401 HTTP response
2024-12-19 22:04:17,575 - Failed to fetch posts for keyword 'nail nippers' in subreddit 'AskEstheticians'. Details: received 401 HTTP response
2024-12-19 22:04:17,644 - Failed to fetch posts for keyword 'nail cutters' in subreddit 'AskEstheticians'. Details: received 401 HTTP response
2024-12-19 22:04:17,715 - Failed to fetch posts for keyword 'professional nail tools' in subreddit 'AskEstheticians'. Details: received 401 HTTP response
2024-12-19 22:04:17,783 - Failed to fetch posts for keyword 'salon supplies' in subreddit 'AskEstheticians'. Details: received 401 HTTP response
2024-12-19 22:04:17,855 - Failed to fetch posts for keyword 'nail buffer' in subreddit 'AskEstheticians'. Details: received 401 HTTP response
2024-12-19 22:04:17,932 - Failed to fetch posts for keyword 'nail file' in subreddit 'AskEstheticians'. Details: received 401 HTTP response
2024-12-19 22:04:18,015 - Failed to fetch posts for keyword 'stainless steel nail clippers' in subreddit 'AskEstheticians'. Details: received 401 HTTP response
2024-12-19 22:04:18,082 - Failed to fetch posts for keyword 'precision nail cutter' in subreddit 'AskEstheticians'. Details: received 401 HTTP response
2024-12-19 22:04:18,153 - Failed to fetch posts for keyword 'electric nail file' in subreddit 'AskEstheticians'. Details: received 401 HTTP response
2024-12-19 22:04:18,226 - Failed to fetch posts for keyword 'durable nail nippers' in subreddit 'AskEstheticians'. Details: received 401 HTTP response
2024-12-19 22:04:18,299 - Failed to fetch posts for keyword 'cuticle pusher' in subreddit 'AskEstheticians'. Details: received 401 HTTP response
2024-12-19 22:04:18,384 - Failed to fetch posts for keyword 'glass nail file' in subreddit 'AskEstheticians'. Details: received 401 HTTP response
2024-12-19 22:04:18,451 - Failed to fetch posts for keyword 'nail salon tools' in subreddit 'AskEstheticians'. Details: received 401 HTTP response
2024-12-19 22:04:18,525 - Failed to fetch posts for keyword 'ergonomic nail clippers' in subreddit 'AskEstheticians'. Details: received 401 HTTP response
2024-12-19 22:04:18,597 - Failed to fetch posts for keyword 'salon equipment' in subreddit 'AskEstheticians'. Details: received 401 HTTP response
2024-12-19 22:04:18,668 - Failed to fetch posts for keyword 'nail salon hygiene' in subreddit 'AskEstheticians'. Details: received 401 HTTP response
2024-12-19 22:04:18,750 - Failed to fetch posts for keyword 'pedicure tools' in subreddit 'RedditLaqueristas'. Details: received 401 HTTP response
2024-12-19 22:04:18,817 - Failed to fetch posts for keyword 'manicure tools' in subreddit 'RedditLaqueristas'. Details: received 401 HTTP response
2024-12-19 22:04:18,887 - Failed to fetch posts for keyword 'callus remover' in subreddit 'RedditLaqueristas'. Details: received 401 HTTP response
2024-12-19 22:04:18,969 - Failed to fetch posts for keyword 'nail clippers' in subreddit 'RedditLaqueristas'. Details: received 401 HTTP response
2024-12-19 22:04:19,051 - Failed to fetch posts for keyword 'nail nippers' in subreddit 'RedditLaqueristas'. Details: received 401 HTTP response
2024-12-19 22:04:19,149 - Failed to fetch posts for keyword 'nail cutters' in subreddit 'RedditLaqueristas'. Details: received 401 HTTP response
2024-12-19 22:04:19,227 - Failed to fetch posts for keyword 'professional nail tools' in subreddit 'RedditLaqueristas'. Details: received 401 HTTP response
2024-12-19 22:04:19,321 - Failed to fetch posts for keyword 'salon supplies' in subreddit 'RedditLaqueristas'. Details: received 401 HTTP response
2024-12-19 22:04:19,397 - Failed to fetch posts for keyword 'nail buffer' in subreddit 'RedditLaqueristas'. Details: received 401 HTTP response
2024-12-19 22:04:19,488 - Failed to fetch posts for keyword 'nail file' in subreddit 'RedditLaqueristas'. Details: received 401 HTTP response
2024-12-19 22:04:19,568 - Failed to fetch posts for keyword 'stainless steel nail clippers' in subreddit 'RedditLaqueristas'. Details: received 401 HTTP response
2024-12-19 22:04:19,646 - Failed to fetch posts for keyword 'precision nail cutter' in subreddit 'RedditLaqueristas'. Details: received 401 HTTP response
2024-12-19 22:04:19,731 - Failed to fetch posts for keyword 'electric nail file' in subreddit 'RedditLaqueristas'. Details: received 401 HTTP response
2024-12-19 22:04:19,800 - Failed to fetch posts for keyword 'durable nail nippers' in subreddit 'RedditLaqueristas'. Details: received 401 HTTP response
2024-12-19 22:04:19,877 - Failed to fetch posts for keyword 'cuticle pusher' in subreddit 'RedditLaqueristas'. Details: received 401 HTTP response
2024-12-19 22:04:19,953 - Failed to fetch posts for keyword 'glass nail file' in subreddit 'RedditLaqueristas'. Details: received 401 HTTP response
2024-12-19 22:04:20,027 - Failed to fetch posts for keyword 'nail salon tools' in subreddit 'RedditLaqueristas'. Details: received 401 HTTP response
2024-12-19 22:04:20,110 - Failed to fetch posts for keyword 'ergonomic nail clippers' in subreddit 'RedditLaqueristas'. Details: received 401 HTTP response
2024-12-19 22:04:20,177 - Failed to fetch posts for keyword 'salon equipment' in subreddit 'RedditLaqueristas'. Details: received 401 HTTP response
2024-12-19 22:04:20,241 - Failed to fetch posts for keyword 'nail salon hygiene' in subreddit 'RedditLaqueristas'. Details: received 401 HTTP response
